<?xml version="1.0" encoding="UTF-8"?>
<testsuite xmlns:xsi="http://www.w3.org/2001/XMLSchema-instance" xsi:noNamespaceSchemaLocation="https://maven.apache.org/surefire/maven-surefire-plugin/xsd/surefire-test-report.xsd" version="3.0.2" name="club.hm.matrix.user.data.service.test.UserDaoTest" time="1.399" tests="1" errors="0" skipped="0" failures="0">
  <properties>
[...]
</properties>
  <testcase name="testGetUserById" classname="club.hm.matrix.user.data.service.test.UserDaoTest" time="0.57">
    <system-out><![CDATA[
  .   ____          _            __ _ _
 /\\ / ___'_ __ _ _(_)_ __  __ _ \ \ \ \
( ( )\___ | '_ | '_| | '_ \/ _` | \ \ \ \
 \\/  ___)| |_)| | | | | || (_| |  ) ) ) )
  '  |____| .__|_| |_|_| |_\__, | / / / /
 =========|_|==============|___/=/_/_/_/

 :: Spring Boot ::                (v3.5.4)

2025-08-12T17:51:23.894+08:00  INFO 179346 --- [           main] c.h.m.u.data.service.test.UserDaoTest    : Starting UserDaoTest using Java 21.0.2 with PID 179346 (started by richard in /home/richard/codes/matrix/matrix-user/matrix-user-data)
2025-08-12T17:51:23.895+08:00  INFO 179346 --- [           main] c.h.m.u.data.service.test.UserDaoTest    : No active profile set, falling back to 1 default profile: "default"
2025-08-12T17:51:24.039+08:00  INFO 179346 --- [           main] .s.d.r.c.RepositoryConfigurationDelegate : Bootstrapping Spring Data R2DBC repositories in DEFAULT mode.
2025-08-12T17:51:24.079+08:00  INFO 179346 --- [           main] .s.d.r.c.RepositoryConfigurationDelegate : Finished Spring Data repository scanning in 38 ms. Found 1 R2DBC repository interface.
2025-08-12T17:51:24.503+08:00  INFO 179346 --- [           main] c.h.m.u.data.service.test.UserDaoTest    : Started UserDaoTest in 0.715 seconds (process running for 1.027)
2025-08-12T17:51:25.071+08:00  INFO 179346 --- [tor-tcp-epoll-3] c.h.m.u.data.service.test.UserDaoTest    : user: User(id=8, userId=0cf5d010-fa1f-4383-959b-084d1ef5d79a, username=0cf5d010-fa1f-4383-959b-084d1ef5d79a, password=test_password, email=0cf5d010-fa1f-4383-959b-084d1ef5d79a@homemart.club, displayName=test_display_name, avatarUrl=test_avatar_url, isActive=true, createdAt=2025-08-12T17:51:25.048172, lastLoginAt=null)
]]></system-out>
    <system-err><![CDATA[Mockito is currently self-attaching to enable the inline-mock-maker. This will no longer work in future releases of the JDK. Please add Mockito as an agent to your build as described in Mockito's documentation: https://javadoc.io/doc/org.mockito/mockito-core/latest/org.mockito/org/mockito/Mockito.html#0.3
WARNING: A Java agent has been loaded dynamically (/home/richard/.m2/repository/net/bytebuddy/byte-buddy-agent/1.17.6/byte-buddy-agent-1.17.6.jar)
WARNING: If a serviceability tool is in use, please run with -XX:+EnableDynamicAgentLoading to hide this warning
WARNING: If a serviceability tool is not in use, please run with -Djdk.instrument.traceUsage for more information
WARNING: Dynamic loading of agents will be disallowed by default in a future release
]]></system-err>
  </testcase>
</testsuite>